[2026-02-11 13:04:00] Checking for database updates...
[2026-02-11 13:04:00] ERROR: Could not retrieve Last-Modified header. Check credentials and URL.
[2026-02-11 13:04:25] Checking for database updates...
[2026-02-11 13:04:25] Remote Last-Modified: Tue, 10 Feb 2026 21:17:44 GMT
[2026-02-11 13:04:25] No local timestamp found. Downloading database...
[2026-02-11 13:04:25] Downloading database...
[2026-02-11 13:04:26] Download completed successfully
[2026-02-11 13:04:26] Update check completed.
[2026-02-11 13:14:45] Checking for database updates...
[2026-02-11 13:14:46] Remote Last-Modified: Tue, 10 Feb 2026 21:17:44 GMT
[2026-02-11 13:14:46] Local Last-Modified: Tue, 10 Feb 2026 21:17:44 GMT
[2026-02-11 13:14:46] Database is up to date. No download needed.
[2026-02-11 13:14:46] Update check completed.
[2026-02-11 13:15:49] Checking for database updates...
[2026-02-11 13:15:49] Remote Last-Modified: Tue, 10 Feb 2026 21:17:44 GMT
[2026-02-11 13:15:50] Local Last-Modified: Tue, 10 Feb 2026 21:17:44 GMT
[2026-02-11 13:15:50] Database is up to date. No download needed.
[2026-02-11 13:15:50] Update check completed.
[2026-02-11 13:16:45] Checking for database updates...
[2026-02-11 13:16:46] Remote Last-Modified: Tue, 10 Feb 2026 21:17:44 GMT
[2026-02-11 13:16:46] No local timestamp found. Downloading database...
[2026-02-11 13:16:46] Downloading database...
[2026-02-11 13:16:46] Download completed successfully
[2026-02-11 13:16:46] Extracting database files...
[2026-02-11 13:16:46] Extracting: GeoLite2-Country_20260210.tar.gz
[2026-02-11 13:16:46] Extraction successful
[2026-02-11 13:16:46] Extracted to directory: GeoLite2-Country_20260210
[2026-02-11 13:16:46] ERROR: Database file not found: GeoLite2-Country_20260210/
[2026-02-11 13:16:46] ERROR: Extraction failed but download succeeded
[2026-02-11 13:16:46] Update check completed.
[2026-02-11 13:21:18] Checking for database updates...
[2026-02-11 13:21:18] Remote Last-Modified: Tue, 10 Feb 2026 21:17:44 GMT
[2026-02-11 13:21:18] No local timestamp found. Downloading database...
[2026-02-11 13:21:18] Downloading database...
[2026-02-11 13:21:19] ERROR: Download failed
[2026-02-11 13:21:19] Update check completed.
[2026-02-11 13:22:07] Checking for database updates...
[2026-02-11 13:22:07] Remote Last-Modified: Tue, 10 Feb 2026 21:17:44 GMT
[2026-02-11 13:22:07] No local timestamp found. Downloading database...
[2026-02-11 13:22:07] Downloading database...
[2026-02-11 13:22:07] Download completed successfully
[2026-02-11 13:22:07] Extracting database files...
[2026-02-11 13:22:07] Extracting: GeoLite2-Country_20260210.tar.gz
[2026-02-11 13:22:07] Extraction successful
[2026-02-11 13:22:07] Extracted to directory: GeoLite2-Country_20260210
[2026-02-11 13:22:07] Creating symlink: GeoLite2-Country.mmdb -> GeoLite2-Country_20260210/GeoLite2-Country.mmdb
[2026-02-11 13:22:07] Symlink created successfully
[2026-02-11 13:22:07] Applications can now use: .//GeoLite2-Country.mmdb
[2026-02-11 13:22:07] Update check completed.
[2026-02-11 13:41:49] Checking for database updates...
[2026-02-11 13:41:49] Remote Last-Modified: Tue, 10 Feb 2026 21:17:44 GMT
[2026-02-11 13:41:49] Local Last-Modified: Tue, 10 Feb 2026 21:17:44 GMT
[2026-02-11 13:41:49] Database is up to date. No download needed.
[2026-02-11 13:41:49] Update check completed.
[2026-02-11 13:56:05] Checking for database updates...
[2026-02-11 13:56:05] Remote Last-Modified: Tue, 10 Feb 2026 21:17:44 GMT
[2026-02-11 13:56:05] Local Last-Modified: Tue, 10 Feb 2026 21:17:44 GMT
[2026-02-11 13:56:05] Database is up to date. No download needed.
[2026-02-11 13:56:05] Update check completed.
[2026-02-11 13:56:05] ==========================================
[2026-02-11 16:21:57] Checking for database updates...
[2026-02-11 16:21:58] Remote Last-Modified: Tue, 10 Feb 2026 21:17:44 GMT
[2026-02-11 16:21:58] Local Last-Modified: Tue, 10 Feb 2026 21:17:44 GMT
[2026-02-11 16:21:58] Database is up to date. No download needed.
[2026-02-11 16:21:58] Update check completed.
[2026-02-11 16:21:58] ==========================================
